Build started 11/22/2016 5:17:52 AM.
     1>Project "F:\UTA\CSE 1325\HW6\HW6VS\HW6_Master_248am\HW6\HW6\HW6.vcxproj" on node 2 (Build target(s)).
     1>ClCompile:
         F:\Program Files (x86)\Microsoft Visual Studio 12.0\VC\bin\CL.exe /c /Zi /nologo /W3 /WX- /sdl /O2 /Oi /Oy- /GL /D WIN32 /D NDEBUG /D _WINDOWS /D _UNICODE /D UNICODE /Gm- /EHsc /MD /GS /Gy /fp:precise /Zc:wchar_t /Zc:forScope /Fo"Release\\" /Fd"Release\vc120.pdb" /Gd /TP /analyze- /errorReport:prompt main.cpp
         main.cpp
     1>main.cpp(88): warning C4244: 'argument' : conversion from 'double' to 'int', possible loss of data
     1>main.cpp(97): warning C4244: 'argument' : conversion from 'double' to 'int', possible loss of data
     1>main.cpp(106): warning C4244: 'argument' : conversion from 'double' to 'int', possible loss of data
     1>main.cpp(115): warning C4244: 'argument' : conversion from 'double' to 'int', possible loss of data
     1>main.cpp(124): warning C4244: 'argument' : conversion from 'double' to 'int', possible loss of data
     1>main.cpp(219): warning C4244: 'argument' : conversion from 'double' to 'int', possible loss of data
     1>main.cpp(223): warning C4244: 'argument' : conversion from 'double' to 'int', possible loss of data
     1>main.cpp(238): warning C4244: 'argument' : conversion from 'double' to 'int', possible loss of data
     1>main.cpp(249): warning C4244: 'argument' : conversion from 'double' to 'int', possible loss of data
     1>main.cpp(280): warning C4244: 'argument' : conversion from 'double' to 'int', possible loss of data
     1>main.cpp(289): warning C4244: 'argument' : conversion from 'double' to 'int', possible loss of data
     1>main.cpp(298): warning C4244: 'argument' : conversion from 'double' to 'int', possible loss of data
     1>main.cpp(307): warning C4244: 'argument' : conversion from 'double' to 'int', possible loss of data
     1>main.cpp(316): warning C4244: 'argument' : conversion from 'double' to 'int', possible loss of data
     1>main.cpp(354): warning C4244: 'argument' : conversion from 'double' to 'int', possible loss of data
     1>main.cpp(367): warning C4244: 'initializing' : conversion from 'double' to 'int', possible loss of data
     1>main.cpp(557): warning C4244: 'argument' : conversion from 'double' to 'char', possible loss of data
     1>main.cpp(590): warning C4244: 'argument' : conversion from 'double' to 'char', possible loss of data
       Link:
         F:\Program Files (x86)\Microsoft Visual Studio 12.0\VC\bin\link.exe /ERRORREPORT:PROMPT /OUT:"F:\UTA\CSE 1325\HW6\HW6VS\HW6_Master_248am\HW6\Release\HW6.exe" /INCREMENTAL:NO /NOLOGO fltk.lib wsock32.lib comctl32.lib kernel32.lib user32.lib gdi32.lib winspool.lib comdlg32.lib advapi32.lib shell32.lib ole32.lib oleaut32.lib uuid.lib odbc32.lib odbccp32.lib /NODEFAULTLIB:libcd.lib /MANIFEST /MANIFESTUAC:"level='asInvoker' uiAccess='false'" /manifest:embed /DEBUG /PDB:"F:\UTA\CSE 1325\HW6\HW6VS\HW6_Master_248am\HW6\Release\HW6.pdb" /SUBSYSTEM:WINDOWS /OPT:REF /OPT:ICF /LTCG /TLBID:1 /DYNAMICBASE /NXCOMPAT /IMPLIB:"F:\UTA\CSE 1325\HW6\HW6VS\HW6_Master_248am\HW6\Release\HW6.lib" /MACHINE:X86 /SAFESEH Release\AddPart.obj
         Release\Customer.obj
         Release\Order.obj
         Release\RobotModel.obj
         Release\RobotParts.obj
         Release\main.obj
         Release\SalesAssoc.obj
         Release\Shop.obj
         Generating code
         Finished generating code
         HW6.vcxproj -> F:\UTA\CSE 1325\HW6\HW6VS\HW6_Master_248am\HW6\Release\HW6.exe
     1>Done Building Project "F:\UTA\CSE 1325\HW6\HW6VS\HW6_Master_248am\HW6\HW6\HW6.vcxproj" (Build target(s)).

Build succeeded.

Time Elapsed 00:00:01.46
