f:\uta\cse 1325\hw6\hw6vs\hw6\hw6\debug\vc120.pdb
f:\uta\cse 1325\hw6\hw6vs\hw6\hw6\debug\vc120.idb
f:\uta\cse 1325\hw6\hw6vs\hw6\hw6\debug\samplemain.obj
f:\uta\cse 1325\hw6\hw6vs\hw6\hw6\debug\main.obj
f:\uta\cse 1325\hw6\hw6vs\hw6\hw6\debug\shopgui.obj
f:\uta\cse 1325\hw6\hw6vs\hw6\hw6\debug\customer.obj
f:\uta\cse 1325\hw6\hw6vs\hw6\hw6\debug\order.obj
f:\uta\cse 1325\hw6\hw6vs\hw6\hw6\debug\robotmodel.obj
f:\uta\cse 1325\hw6\hw6vs\hw6\hw6\debug\robotpart.obj
f:\uta\cse 1325\hw6\hw6vs\hw6\hw6\debug\salesassoc.obj
f:\uta\cse 1325\hw6\hw6vs\hw6\hw6\debug\shop.obj
f:\uta\cse 1325\hw6\hw6vs\hw6\debug\hw6.ilk
f:\uta\cse 1325\hw6\hw6vs\hw6\debug\hw6.exe
f:\uta\cse 1325\hw6\hw6vs\hw6\debug\hw6.pdb
f:\uta\cse 1325\hw6\hw6vs\hw6\hw6\debug\hw6.tlog\cl.command.1.tlog
f:\uta\cse 1325\hw6\hw6vs\hw6\hw6\debug\hw6.tlog\cl.read.1.tlog
f:\uta\cse 1325\hw6\hw6vs\hw6\hw6\debug\hw6.tlog\cl.write.1.tlog
f:\uta\cse 1325\hw6\hw6vs\hw6\hw6\debug\hw6.tlog\link.command.1.tlog
f:\uta\cse 1325\hw6\hw6vs\hw6\hw6\debug\hw6.tlog\link.read.1.tlog
f:\uta\cse 1325\hw6\hw6vs\hw6\hw6\debug\hw6.tlog\link.write.1.tlog
